\BOOKMARK [1][-]{section.1}{Introduction}{}% 1
\BOOKMARK [1][-]{section.2}{Overview of the Radiation-Hydrodynamics Method}{}% 2
\BOOKMARK [2][-]{subsection.2.1}{Diffusion Limit}{section.2}% 3
\BOOKMARK [2][-]{subsection.2.2}{Slope limiting}{section.2}% 4
\BOOKMARK [2][-]{subsection.2.3}{Alternate Form of TBDF2 Method}{section.2}% 5
\BOOKMARK [1][-]{section.3}{Second-Order Accuracy for the Method of Manufactured Solutions}{}% 6
\BOOKMARK [2][-]{subsection.3.1}{Accuracy in the Diffusion Limit}{section.3}% 7
\BOOKMARK [2][-]{subsection.3.2}{Streaming Limit}{section.3}% 8
\BOOKMARK [1][-]{section.4}{Results for Radiation-Hydrodynamic Shocks}{}% 9
\BOOKMARK [1][-]{section.5}{Conclusions and Future Work}{}% 10
\BOOKMARK [1][-]{appendix.A}{Details of the Radiation-Hydrodynamics Method}{}% 11
\BOOKMARK [1][-]{appendix.B}{The Time-Discretized Equations}{}% 12
\BOOKMARK [2][-]{subsection.B.1}{The MUSCL-Hancock Method}{appendix.B}% 13
\BOOKMARK [2][-]{subsection.B.2}{The Implicit Radiation Solves}{appendix.B}% 14
\BOOKMARK [2][-]{subsection.B.3}{Fluid Momentum Source Update Equations}{appendix.B}% 15
\BOOKMARK [2][-]{subsection.B.4}{Fluid Energy Source Update Equation}{appendix.B}% 16
\BOOKMARK [2][-]{subsection.B.5}{Using Radiation Internal Energy Slopes}{appendix.B}% 17
\BOOKMARK [2][-]{subsection.B.6}{S-2 Equations}{appendix.B}% 18
\BOOKMARK [3][-]{subsubsection.B.6.1}{Steady-State}{subsection.B.6}% 19
\BOOKMARK [3][-]{subsubsection.B.6.2}{Crank-Nicolson}{subsection.B.6}% 20
\BOOKMARK [3][-]{subsubsection.B.6.3}{TR/BDF-2}{subsection.B.6}% 21
\BOOKMARK [2][-]{subsection.B.7}{Linearization of Equations for General Temporal Discretization}{appendix.B}% 22
\BOOKMARK [1][-]{appendix.C}{Conservation}{}% 23
